[21-Apr-2021 08:08:19 UTC] PHP Deprecated:  Array and string offset access syntax with curly braces is deprecated in C:\inetpub\wwwroot\blog\wp-includes\script-loader.php on line 757
[21-Apr-2021 08:08:19 UTC] PHP Deprecated:  Array and string offset access syntax with curly braces is deprecated in C:\inetpub\wwwroot\blog\wp-includes\script-loader.php on line 757
[21-Apr-2021 08:08:19 UTC] PHP Deprecated:  Array and string offset access syntax with curly braces is deprecated in C:\inetpub\wwwroot\blog\wp-includes\script-loader.php on line 758
[21-Apr-2021 08:08:19 UTC] PHP Deprecated:  Array and string offset access syntax with curly braces is deprecated in C:\inetpub\wwwroot\blog\wp-includes\script-loader.php on line 758
[21-Apr-2021 08:08:20 UTC] PHP Deprecated:  Array and string offset access syntax with curly braces is deprecated in C:\inetpub\wwwroot\blog\wp-content\plugins\wp-translitera\wp-translitera.php on line 124
[21-Apr-2021 08:08:20 UTC] PHP Deprecated:  Function get_magic_quotes_gpc() is deprecated in C:\inetpub\wwwroot\blog\wp-includes\load.php on line 926
[21-Apr-2021 08:08:20 UTC] PHP Deprecated:  Function get_magic_quotes_gpc() is deprecated in C:\inetpub\wwwroot\blog\wp-includes\formatting.php on line 4781
[21-Apr-2021 08:08:20 UTC] PHP Notice:  Trying to access array offset on value of type bool in C:\inetpub\wwwroot\blog\wp-includes\theme.php on line 2360
[21-Apr-2021 08:08:20 UTC] PHP Warning:  fopen(C:\inetpub\wwwroot\blog/wp-content/plugins/go-live-update-urls/go-live-update-urls.php): failed to open stream: No such file or directory in C:\inetpub\wwwroot\blog\wp-includes\functions.php on line 5573
[21-Apr-2021 08:08:20 UTC] PHP Warning:  fread() expects parameter 1 to be resource, bool given in C:\inetpub\wwwroot\blog\wp-includes\functions.php on line 5576
[21-Apr-2021 08:08:20 UTC] PHP Warning:  fclose() expects parameter 1 to be resource, bool given in C:\inetpub\wwwroot\blog\wp-includes\functions.php on line 5579
[21-Apr-2021 08:08:20 UTC] PHP Warning:  fopen(C:\inetpub\wwwroot\blog/wp-content/plugins/simple-google-tag-manager/googletagmanager.php): failed to open stream: No such file or directory in C:\inetpub\wwwroot\blog\wp-includes\functions.php on line 5573
[21-Apr-2021 08:08:20 UTC] PHP Warning:  fread() expects parameter 1 to be resource, bool given in C:\inetpub\wwwroot\blog\wp-includes\functions.php on line 5576
[21-Apr-2021 08:08:20 UTC] PHP Warning:  fclose() expects parameter 1 to be resource, bool given in C:\inetpub\wwwroot\blog\wp-includes\functions.php on line 5579
[21-Apr-2021 08:08:20 UTC] PHP Warning:  fopen(C:\inetpub\wwwroot\blog/wp-content/plugins/wp-table-builder/wp-table-builder.php): failed to open stream: No such file or directory in C:\inetpub\wwwroot\blog\wp-includes\functions.php on line 5573
[21-Apr-2021 08:08:20 UTC] PHP Warning:  fread() expects parameter 1 to be resource, bool given in C:\inetpub\wwwroot\blog\wp-includes\functions.php on line 5576
[21-Apr-2021 08:08:20 UTC] PHP Warning:  fclose() expects parameter 1 to be resource, bool given in C:\inetpub\wwwroot\blog\wp-includes\functions.php on line 5579
[21-Apr-2021 08:08:20 UTC] PHP Deprecated:  Function get_magic_quotes_gpc() is deprecated in C:\inetpub\wwwroot\blog\wp-includes\formatting.php on line 4781
[21-Apr-2021 08:08:20 UTC] PHP Deprecated:  Function get_magic_quotes_gpc() is deprecated in C:\inetpub\wwwroot\blog\wp-includes\formatting.php on line 4781
[21-Apr-2021 08:08:20 UTC] PHP Deprecated:  Function get_magic_quotes_gpc() is deprecated in C:\inetpub\wwwroot\blog\wp-includes\formatting.php on line 4781
[21-Apr-2021 08:08:20 UTC] PHP Deprecated:  Function get_magic_quotes_gpc() is deprecated in C:\inetpub\wwwroot\blog\wp-includes\formatting.php on line 4781
[21-Apr-2021 08:08:20 UTC] PHP Deprecated:  Function get_magic_quotes_gpc() is deprecated in C:\inetpub\wwwroot\blog\wp-includes\formatting.php on line 4781
[21-Apr-2021 08:08:20 UTC] PHP Deprecated:  Function get_magic_quotes_gpc() is deprecated in C:\inetpub\wwwroot\blog\wp-includes\formatting.php on line 4781
[21-Apr-2021 08:08:20 UTC] PHP Deprecated:  Function get_magic_quotes_gpc() is deprecated in C:\inetpub\wwwroot\blog\wp-includes\formatting.php on line 4781
[21-Apr-2021 08:08:20 UTC] PHP Deprecated:  Function get_magic_quotes_gpc() is deprecated in C:\inetpub\wwwroot\blog\wp-includes\formatting.php on line 4781
[21-Apr-2021 08:08:20 UTC] PHP Deprecated:  Function get_magic_quotes_gpc() is deprecated in C:\inetpub\wwwroot\blog\wp-includes\formatting.php on line 4781
[21-Apr-2021 08:08:20 UTC] PHP Deprecated:  Function get_magic_quotes_gpc() is deprecated in C:\inetpub\wwwroot\blog\wp-includes\formatting.php on line 4781
[21-Apr-2021 08:08:20 UTC] PHP Deprecated:  Function get_magic_quotes_gpc() is deprecated in C:\inetpub\wwwroot\blog\wp-includes\formatting.php on line 4781
[21-Apr-2021 08:08:20 UTC] PHP Deprecated:  Function get_magic_quotes_gpc() is deprecated in C:\inetpub\wwwroot\blog\wp-includes\formatting.php on line 2675
[21-Apr-2021 08:08:20 UTC] PHP Deprecated:  Function get_magic_quotes_gpc() is deprecated in C:\inetpub\wwwroot\blog\wp-includes\formatting.php on line 4781
[21-Apr-2021 08:08:20 UTC] PHP Deprecated:  Function get_magic_quotes_gpc() is deprecated in C:\inetpub\wwwroot\blog\wp-includes\formatting.php on line 4781
[21-Apr-2021 08:08:20 UTC] PHP Deprecated:  Function get_magic_quotes_gpc() is deprecated in C:\inetpub\wwwroot\blog\wp-includes\formatting.php on line 4781
[21-Apr-2021 08:08:20 UTC] PHP Deprecated:  Function get_magic_quotes_gpc() is deprecated in C:\inetpub\wwwroot\blog\wp-includes\formatting.php on line 4781
[21-Apr-2021 08:08:20 UTC] PHP Deprecated:  Function get_magic_quotes_gpc() is deprecated in C:\inetpub\wwwroot\blog\wp-includes\formatting.php on line 4781
[21-Apr-2021 08:08:20 UTC] PHP Deprecated:  Function get_magic_quotes_gpc() is deprecated in C:\inetpub\wwwroot\blog\wp-includes\formatting.php on line 4781
